<?xml version="1.0" encoding="UTF-8"?>
<!-- Generated by org.testng.reporters.JUnitReportReporter -->
<testsuite hostname="Lenovo-PC" failures="0" tests="1" name="com.qa.ctb.testcases.Bookingpage_testcases" time="48.296" errors="0" timestamp="07 Apr 2019 16:43:01 GMT" skipped="0">
  <testcase classname="com.qa.ctb.testcases.Bookingpage_testcases" name="search" time="48.296"/>
</testsuite> <!-- com.qa.ctb.testcases.Bookingpage_testcases -->
