<?xml version="1.0" encoding="UTF-8"?>
<!-- Generated by org.testng.reporters.JUnitReportReporter -->
<testsuite skipped="0" hostname="cbug--S2" name="com.qa.ctb.testcases.Bookingpage_testcases" tests="1" failures="0" timestamp="08 Apr 2019 09:42:59 GMT" time="9.941" errors="0">
  <testcase name="search" time="9.941" classname="com.qa.ctb.testcases.Bookingpage_testcases"/>
</testsuite> <!-- com.qa.ctb.testcases.Bookingpage_testcases -->
