<?xml version="1.0" encoding="UTF-8"?>
<!-- Generated by org.testng.reporters.JUnitReportReporter -->
<testsuite hostname="Lenovo-PC" failures="0" tests="1" name="com.qa.ctb.testcases.Bookingpage_testcases" time="2.274" errors="0" timestamp="07 Apr 2019 12:42:15 GMT" skipped="0">
  <testcase classname="com.qa.ctb.testcases.Bookingpage_testcases" name="search" time="2.274"/>
</testsuite> <!-- com.qa.ctb.testcases.Bookingpage_testcases -->
